----------------------------------------------------------------------
../../../tests/vs_implicit_conversions_illegal.hlsl(40): error: cannot implicitly convert `mat4' and `uvec2' in arithmetic expression
../../../tests/vs_implicit_conversions_illegal.hlsl(40): error: no matching function for call to `atype()'
../../../tests/vs_implicit_conversions_illegal.hlsl(40): error: candidates are: int atype(float)
../../../tests/vs_implicit_conversions_illegal.hlsl(40): error:                 int atype(vec2)
../../../tests/vs_implicit_conversions_illegal.hlsl(40): error:                 int atype(vec3)
../../../tests/vs_implicit_conversions_illegal.hlsl(40): error:                 int atype(vec4)
../../../tests/vs_implicit_conversions_illegal.hlsl(40): error:                 int atype(int)
../../../tests/vs_implicit_conversions_illegal.hlsl(40): error:                 int atype(ivec2)
../../../tests/vs_implicit_conversions_illegal.hlsl(40): error:                 int atype(ivec3)
../../../tests/vs_implicit_conversions_illegal.hlsl(40): error:                 int atype(ivec4)
../../../tests/vs_implicit_conversions_illegal.hlsl(40): error:                 int atype(uint)
../../../tests/vs_implicit_conversions_illegal.hlsl(40): error:                 int atype(uvec2)
../../../tests/vs_implicit_conversions_illegal.hlsl(40): error:                 int atype(uvec3)
../../../tests/vs_implicit_conversions_illegal.hlsl(40): error:                 int atype(uvec4)
../../../tests/vs_implicit_conversions_illegal.hlsl(40): error:                 int atype(bool)
../../../tests/vs_implicit_conversions_illegal.hlsl(40): error:                 int atype(bvec2)
../../../tests/vs_implicit_conversions_illegal.hlsl(40): error:                 int atype(bvec3)
../../../tests/vs_implicit_conversions_illegal.hlsl(40): error:                 int atype(bvec4)
../../../tests/vs_implicit_conversions_illegal.hlsl(40): error:                 int atype(mat3)
../../../tests/vs_implicit_conversions_illegal.hlsl(40): error:                 int atype(mat4)
../../../tests/vs_implicit_conversions_illegal.hlsl(41): error: LHS of shift operator must be an integer or integer vector
../../../tests/vs_implicit_conversions_illegal.hlsl(41): error: type mismatch
../../../tests/vs_implicit_conversions_illegal.hlsl(41): error: no matching function for call to `atype()'
../../../tests/vs_implicit_conversions_illegal.hlsl(41): error: candidates are: int atype(float)
../../../tests/vs_implicit_conversions_illegal.hlsl(41): error:                 int atype(vec2)
../../../tests/vs_implicit_conversions_illegal.hlsl(41): error:                 int atype(vec3)
../../../tests/vs_implicit_conversions_illegal.hlsl(41): error:                 int atype(vec4)
../../../tests/vs_implicit_conversions_illegal.hlsl(41): error:                 int atype(int)
../../../tests/vs_implicit_conversions_illegal.hlsl(41): error:                 int atype(ivec2)
../../../tests/vs_implicit_conversions_illegal.hlsl(41): error:                 int atype(ivec3)
../../../tests/vs_implicit_conversions_illegal.hlsl(41): error:                 int atype(ivec4)
../../../tests/vs_implicit_conversions_illegal.hlsl(41): error:                 int atype(uint)
../../../tests/vs_implicit_conversions_illegal.hlsl(41): error:                 int atype(uvec2)
../../../tests/vs_implicit_conversions_illegal.hlsl(41): error:                 int atype(uvec3)
../../../tests/vs_implicit_conversions_illegal.hlsl(41): error:                 int atype(uvec4)
../../../tests/vs_implicit_conversions_illegal.hlsl(41): error:                 int atype(bool)
../../../tests/vs_implicit_conversions_illegal.hlsl(41): error:                 int atype(bvec2)
../../../tests/vs_implicit_conversions_illegal.hlsl(41): error:                 int atype(bvec3)
../../../tests/vs_implicit_conversions_illegal.hlsl(41): error:                 int atype(bvec4)
../../../tests/vs_implicit_conversions_illegal.hlsl(41): error:                 int atype(mat3)
../../../tests/vs_implicit_conversions_illegal.hlsl(41): error:                 int atype(mat4)
../../../tests/vs_implicit_conversions_illegal.hlsl(42): error: RHS of shift operator must be an integer or integer vector
../../../tests/vs_implicit_conversions_illegal.hlsl(42): error: type mismatch
../../../tests/vs_implicit_conversions_illegal.hlsl(42): error: no matching function for call to `atype()'
../../../tests/vs_implicit_conversions_illegal.hlsl(42): error: candidates are: int atype(float)
../../../tests/vs_implicit_conversions_illegal.hlsl(42): error:                 int atype(vec2)
../../../tests/vs_implicit_conversions_illegal.hlsl(42): error:                 int atype(vec3)
../../../tests/vs_implicit_conversions_illegal.hlsl(42): error:                 int atype(vec4)
../../../tests/vs_implicit_conversions_illegal.hlsl(42): error:                 int atype(int)
../../../tests/vs_implicit_conversions_illegal.hlsl(42): error:                 int atype(ivec2)
../../../tests/vs_implicit_conversions_illegal.hlsl(42): error:                 int atype(ivec3)
../../../tests/vs_implicit_conversions_illegal.hlsl(42): error:                 int atype(ivec4)
../../../tests/vs_implicit_conversions_illegal.hlsl(42): error:                 int atype(uint)
../../../tests/vs_implicit_conversions_illegal.hlsl(42): error:                 int atype(uvec2)
../../../tests/vs_implicit_conversions_illegal.hlsl(42): error:                 int atype(uvec3)
../../../tests/vs_implicit_conversions_illegal.hlsl(42): error:                 int atype(uvec4)
../../../tests/vs_implicit_conversions_illegal.hlsl(42): error:                 int atype(bool)
../../../tests/vs_implicit_conversions_illegal.hlsl(42): error:                 int atype(bvec2)
../../../tests/vs_implicit_conversions_illegal.hlsl(42): error:                 int atype(bvec3)
../../../tests/vs_implicit_conversions_illegal.hlsl(42): error:                 int atype(bvec4)
../../../tests/vs_implicit_conversions_illegal.hlsl(42): error:                 int atype(mat3)
../../../tests/vs_implicit_conversions_illegal.hlsl(42): error:                 int atype(mat4)
../../../tests/vs_implicit_conversions_illegal.hlsl(43): error: non-lvalue in assignment
../../../tests/vs_implicit_conversions_illegal.hlsl(44): error: bitwise operator only valid for integral types
../../../tests/vs_implicit_conversions_illegal.hlsl(44): error: type mismatch
../../../tests/vs_implicit_conversions_illegal.hlsl(44): error: no matching function for call to `atype()'
../../../tests/vs_implicit_conversions_illegal.hlsl(44): error: candidates are: int atype(float)
../../../tests/vs_implicit_conversions_illegal.hlsl(44): error:                 int atype(vec2)
../../../tests/vs_implicit_conversions_illegal.hlsl(44): error:                 int atype(vec3)
../../../tests/vs_implicit_conversions_illegal.hlsl(44): error:                 int atype(vec4)
../../../tests/vs_implicit_conversions_illegal.hlsl(44): error:                 int atype(int)
../../../tests/vs_implicit_conversions_illegal.hlsl(44): error:                 int atype(ivec2)
../../../tests/vs_implicit_conversions_illegal.hlsl(44): error:                 int atype(ivec3)
../../../tests/vs_implicit_conversions_illegal.hlsl(44): error:                 int atype(ivec4)
../../../tests/vs_implicit_conversions_illegal.hlsl(44): error:                 int atype(uint)
../../../tests/vs_implicit_conversions_illegal.hlsl(44): error:                 int atype(uvec2)
../../../tests/vs_implicit_conversions_illegal.hlsl(44): error:                 int atype(uvec3)
../../../tests/vs_implicit_conversions_illegal.hlsl(44): error:                 int atype(uvec4)
../../../tests/vs_implicit_conversions_illegal.hlsl(44): error:                 int atype(bool)
../../../tests/vs_implicit_conversions_illegal.hlsl(44): error:                 int atype(bvec2)
../../../tests/vs_implicit_conversions_illegal.hlsl(44): error:                 int atype(bvec3)
../../../tests/vs_implicit_conversions_illegal.hlsl(44): error:                 int atype(bvec4)
../../../tests/vs_implicit_conversions_illegal.hlsl(44): error:                 int atype(mat3)
../../../tests/vs_implicit_conversions_illegal.hlsl(44): error:                 int atype(mat4)
../../../tests/vs_implicit_conversions_illegal.hlsl(45): error: vector size of conditional does not match value
../../../tests/vs_implicit_conversions_illegal.hlsl(45): error: no matching function for call to `atype()'
../../../tests/vs_implicit_conversions_illegal.hlsl(45): error: candidates are: int atype(float)
../../../tests/vs_implicit_conversions_illegal.hlsl(45): error:                 int atype(vec2)
../../../tests/vs_implicit_conversions_illegal.hlsl(45): error:                 int atype(vec3)
../../../tests/vs_implicit_conversions_illegal.hlsl(45): error:                 int atype(vec4)
../../../tests/vs_implicit_conversions_illegal.hlsl(45): error:                 int atype(int)
../../../tests/vs_implicit_conversions_illegal.hlsl(45): error:                 int atype(ivec2)
../../../tests/vs_implicit_conversions_illegal.hlsl(45): error:                 int atype(ivec3)
../../../tests/vs_implicit_conversions_illegal.hlsl(45): error:                 int atype(ivec4)
../../../tests/vs_implicit_conversions_illegal.hlsl(45): error:                 int atype(uint)
../../../tests/vs_implicit_conversions_illegal.hlsl(45): error:                 int atype(uvec2)
../../../tests/vs_implicit_conversions_illegal.hlsl(45): error:                 int atype(uvec3)
../../../tests/vs_implicit_conversions_illegal.hlsl(45): error:                 int atype(uvec4)
../../../tests/vs_implicit_conversions_illegal.hlsl(45): error:                 int atype(bool)
../../../tests/vs_implicit_conversions_illegal.hlsl(45): error:                 int atype(bvec2)
../../../tests/vs_implicit_conversions_illegal.hlsl(45): error:                 int atype(bvec3)
../../../tests/vs_implicit_conversions_illegal.hlsl(45): error:                 int atype(bvec4)
../../../tests/vs_implicit_conversions_illegal.hlsl(45): error:                 int atype(mat3)
../../../tests/vs_implicit_conversions_illegal.hlsl(45): error:                 int atype(mat4)

----------------------------------------------------------------------
no compiler output